[2020-07-22 00:28:33,917 INFO inference.py line 78 13090] Namespace(batch_size=1, context=True, data_list='lists/seg_track_val.txt', data_root='/data5/bdd100k/images/track/val', decoder='hda', encoder='dlaup', evaluate=False, flow_format='png', model_path='model_zoo/hd3fc_chairs_things_sintel-0be17c83.pth', save_folder='predictions/fc_pre_Sintel_seg_track_val', task='flow', workers=16)
[2020-07-22 00:28:33,918 INFO inference.py line 79 13090] => creating model ...
Traceback (most recent call last):
  File "inference.py", line 244, in <module>
    main()
  File "inference.py", line 121, in main
    args.context).cuda()
  File "/shared/xudongliu/anaconda3/envs/hd3/lib/python3.6/site-packages/torch/nn/modules/module.py", line 260, in cuda
    return self._apply(lambda t: t.cuda(device))
  File "/shared/xudongliu/anaconda3/envs/hd3/lib/python3.6/site-packages/torch/nn/modules/module.py", line 187, in _apply
    module._apply(fn)
  File "/shared/xudongliu/anaconda3/envs/hd3/lib/python3.6/site-packages/torch/nn/modules/module.py", line 187, in _apply
    module._apply(fn)
  File "/shared/xudongliu/anaconda3/envs/hd3/lib/python3.6/site-packages/torch/nn/modules/module.py", line 187, in _apply
    module._apply(fn)
  [Previous line repeated 2 more times]
  File "/shared/xudongliu/anaconda3/envs/hd3/lib/python3.6/site-packages/torch/nn/modules/module.py", line 193, in _apply
    param.data = fn(param.data)
  File "/shared/xudongliu/anaconda3/envs/hd3/lib/python3.6/site-packages/torch/nn/modules/module.py", line 260, in <lambda>
    return self._apply(lambda t: t.cuda(device))
KeyboardInterrupt
[2020-07-22 00:28:50,930 INFO inference.py line 78 13107] Namespace(batch_size=1, context=True, data_list='lists/seg_track_val.txt', data_root='/data5/bdd100k/images/track/val', decoder='hda', encoder='dlaup', evaluate=False, flow_format='png', model_path='model_zoo/hd3fc_chairs_things_sintel-0be17c83.pth', save_folder='predictions/fc_pre_Sintel_seg_track_val', task='flow', workers=16)
[2020-07-22 00:28:50,930 INFO inference.py line 79 13107] => creating model ...
[2020-07-22 00:28:56,481 INFO inference.py line 122 13107] HD3Model(
  (hd3net): HD3Net(
    (encoder): DLAUpEncoder(
      (base): DLA(
        (base_layer): Sequential(
          (0): Conv2d(3, 16, kernel_size=(7, 7), stride=(1, 1), padding=(3, 3), bias=False)
          (1): BatchNorm2d(16, eps=1e-05, momentum=0.1, affine=True, track_running_stats=True)
          (2): ReLU(inplace)
        )
        (level0): Sequential(
          (0): Conv2d(16, 16, kernel_size=(3, 3), stride=(1, 1), padding=(1, 1), bias=False)
          (1): BatchNorm2d(16, eps=1e-05, momentum=0.1, affine=True, track_running_stats=True)
          (2): ReLU(inplace)
        )
        (level1): Sequential(
          (0): Conv2d(16, 32, kernel_size=(3, 3), stride=(2, 2), padding=(1, 1), bias=False)
          (1): BatchNorm2d(32, eps=1e-05, momentum=0.1, affine=True, track_running_stats=True)
          (2): ReLU(inplace)
        )
        (level2): Tree(
          (tree1): BasicBlock(
            (conv1): Conv2d(32, 64, kernel_size=(3, 3), stride=(2, 2), padding=(1, 1), bias=False)
            (bn1): BatchNorm2d(64, eps=1e-05, momentum=0.1, affine=True, track_running_stats=True)
            (relu): ReLU(inplace)
            (conv2): Conv2d(64, 64, kernel_size=(3, 3), stride=(1, 1), padding=(1, 1), bias=False)
            (bn2): BatchNorm2d(64, eps=1e-05, momentum=0.1, affine=True, track_running_stats=True)
          )
          (tree2): BasicBlock(
            (conv1): Conv2d(64, 64, kernel_size=(3, 3), stride=(1, 1), padding=(1, 1), bias=False)
            (bn1): BatchNorm2d(64, eps=1e-05, momentum=0.1, affine=True, track_running_stats=True)
            (relu): ReLU(inplace)
            (conv2): Conv2d(64, 64, kernel_size=(3, 3), stride=(1, 1), padding=(1, 1), bias=False)
            (bn2): BatchNorm2d(64, eps=1e-05, momentum=0.1, affine=True, track_running_stats=True)
          )
          (root): Root(
            (conv): Conv2d(128, 64, kernel_size=(1, 1), stride=(1, 1), bias=False)
            (bn): BatchNorm2d(64, eps=1e-05, momentum=0.1, affine=True, track_running_stats=True)
            (relu): ReLU(inplace)
          )
          (downsample): MaxPool2d(kernel_size=2, stride=2, padding=0, dilation=1, ceil_mode=False)
          (project): Sequential(
            (0): Conv2d(32, 64, kernel_size=(1, 1), stride=(1, 1), bias=False)
            (1): BatchNorm2d(64, eps=1e-05, momentum=0.1, affine=True, track_running_stats=True)
          )
        )
        (level3): Tree(
          (tree1): Tree(
            (tree1): BasicBlock(
              (conv1): Conv2d(64, 128, kernel_size=(3, 3), stride=(2, 2), padding=(1, 1), bias=False)
              (bn1): BatchNorm2d(128, eps=1e-05, momentum=0.1, affine=True, track_running_stats=True)
              (relu): ReLU(inplace)
              (conv2): Conv2d(128, 128, kernel_size=(3, 3), stride=(1, 1), padding=(1, 1), bias=False)
              (bn2): BatchNorm2d(128, eps=1e-05, momentum=0.1, affine=True, track_running_stats=True)
            )
            (tree2): BasicBlock(
              (conv1): Conv2d(128, 128, kernel_size=(3, 3), stride=(1, 1), padding=(1, 1), bias=False)
              (bn1): BatchNorm2d(128, eps=1e-05, momentum=0.1, affine=True, track_running_stats=True)
              (relu): ReLU(inplace)
              (conv2): Conv2d(128, 128, kernel_size=(3, 3), stride=(1, 1), padding=(1, 1), bias=False)
              (bn2): BatchNorm2d(128, eps=1e-05, momentum=0.1, affine=True, track_running_stats=True)
            )
            (root): Root(
              (conv): Conv2d(256, 128, kernel_size=(1, 1), stride=(1, 1), bias=False)
              (bn): BatchNorm2d(128, eps=1e-05, momentum=0.1, affine=True, track_running_stats=True)
              (relu): ReLU(inplace)
            )
            (downsample): MaxPool2d(kernel_size=2, stride=2, padding=0, dilation=1, ceil_mode=False)
            (project): Sequential(
              (0): Conv2d(64, 128, kernel_size=(1, 1), stride=(1, 1), bias=False)
              (1): BatchNorm2d(128, eps=1e-05, momentum=0.1, affine=True, track_running_stats=True)
            )
          )
          (tree2): Tree(
            (tree1): BasicBlock(
              (conv1): Conv2d(128, 128, kernel_size=(3, 3), stride=(1, 1), padding=(1, 1), bias=False)
              (bn1): BatchNorm2d(128, eps=1e-05, momentum=0.1, affine=True, track_running_stats=True)
              (relu): ReLU(inplace)
              (conv2): Conv2d(128, 128, kernel_size=(3, 3), stride=(1, 1), padding=(1, 1), bias=False)
              (bn2): BatchNorm2d(128, eps=1e-05, momentum=0.1, affine=True, track_running_stats=True)
            )
            (tree2): BasicBlock(
              (conv1): Conv2d(128, 128, kernel_size=(3, 3), stride=(1, 1), padding=(1, 1), bias=False)
              (bn1): BatchNorm2d(128, eps=1e-05, momentum=0.1, affine=True, track_running_stats=True)
              (relu): ReLU(inplace)
              (conv2): Conv2d(128, 128, kernel_size=(3, 3), stride=(1, 1), padding=(1, 1), bias=False)
              (bn2): BatchNorm2d(128, eps=1e-05, momentum=0.1, affine=True, track_running_stats=True)
            )
            (root): Root(
              (conv): Conv2d(448, 128, kernel_size=(1, 1), stride=(1, 1), bias=False)
              (bn): BatchNorm2d(128, eps=1e-05, momentum=0.1, affine=True, track_running_stats=True)
              (relu): ReLU(inplace)
            )
          )
          (downsample): MaxPool2d(kernel_size=2, stride=2, padding=0, dilation=1, ceil_mode=False)
          (project): Sequential(
            (0): Conv2d(64, 128, kernel_size=(1, 1), stride=(1, 1), bias=False)
            (1): BatchNorm2d(128, eps=1e-05, momentum=0.1, affine=True, track_running_stats=True)
          )
        )
        (level4): Tree(
          (tree1): Tree(
            (tree1): BasicBlock(
              (conv1): Conv2d(128, 256, kernel_size=(3, 3), stride=(2, 2), padding=(1, 1), bias=False)
              (bn1): BatchNorm2d(256, eps=1e-05, momentum=0.1, affine=True, track_running_stats=True)
              (relu): ReLU(inplace)
              (conv2): Conv2d(256, 256, kernel_size=(3, 3), stride=(1, 1), padding=(1, 1), bias=False)
              (bn2): BatchNorm2d(256, eps=1e-05, momentum=0.1, affine=True, track_running_stats=True)
            )
            (tree2): BasicBlock(
              (conv1): Conv2d(256, 256, kernel_size=(3, 3), stride=(1, 1), padding=(1, 1), bias=False)
              (bn1): BatchNorm2d(256, eps=1e-05, momentum=0.1, affine=True, track_running_stats=True)
              (relu): ReLU(inplace)
              (conv2): Conv2d(256, 256, kernel_size=(3, 3), stride=(1, 1), padding=(1, 1), bias=False)
              (bn2): BatchNorm2d(256, eps=1e-05, momentum=0.1, affine=True, track_running_stats=True)
            )
            (root): Root(
              (conv): Conv2d(512, 256, kernel_size=(1, 1), stride=(1, 1), bias=False)
              (bn): BatchNorm2d(256, eps=1e-05, momentum=0.1, affine=True, track_running_stats=True)
              (relu): ReLU(inplace)
            )
            (downsample): MaxPool2d(kernel_size=2, stride=2, padding=0, dilation=1, ceil_mode=False)
            (project): Sequential(
              (0): Conv2d(128, 256, kernel_size=(1, 1), stride=(1, 1), bias=False)
              (1): BatchNorm2d(256, eps=1e-05, momentum=0.1, affine=True, track_running_stats=True)
            )
          )
          (tree2): Tree(
            (tree1): BasicBlock(
              (conv1): Conv2d(256, 256, kernel_size=(3, 3), stride=(1, 1), padding=(1, 1), bias=False)
              (bn1): BatchNorm2d(256, eps=1e-05, momentum=0.1, affine=True, track_running_stats=True)
              (relu): ReLU(inplace)
              (conv2): Conv2d(256, 256, kernel_size=(3, 3), stride=(1, 1), padding=(1, 1), bias=False)
              (bn2): BatchNorm2d(256, eps=1e-05, momentum=0.1, affine=True, track_running_stats=True)
            )
            (tree2): BasicBlock(
              (conv1): Conv2d(256, 256, kernel_size=(3, 3), stride=(1, 1), padding=(1, 1), bias=False)
              (bn1): BatchNorm2d(256, eps=1e-05, momentum=0.1, affine=True, track_running_stats=True)
              (relu): ReLU(inplace)
              (conv2): Conv2d(256, 256, kernel_size=(3, 3), stride=(1, 1), padding=(1, 1), bias=False)
              (bn2): BatchNorm2d(256, eps=1e-05, momentum=0.1, affine=True, track_running_stats=True)
            )
            (root): Root(
              (conv): Conv2d(896, 256, kernel_size=(1, 1), stride=(1, 1), bias=False)
              (bn): BatchNorm2d(256, eps=1e-05, momentum=0.1, affine=True, track_running_stats=True)
              (relu): ReLU(inplace)
            )
          )
          (downsample): MaxPool2d(kernel_size=2, stride=2, padding=0, dilation=1, ceil_mode=False)
          (project): Sequential(
            (0): Conv2d(128, 256, kernel_size=(1, 1), stride=(1, 1), bias=False)
            (1): BatchNorm2d(256, eps=1e-05, momentum=0.1, affine=True, track_running_stats=True)
          )
        )
        (level5): Tree(
          (tree1): BasicBlock(
            (conv1): Conv2d(256, 512, kernel_size=(3, 3), stride=(2, 2), padding=(1, 1), bias=False)
            (bn1): BatchNorm2d(512, eps=1e-05, momentum=0.1, affine=True, track_running_stats=True)
            (relu): ReLU(inplace)
            (conv2): Conv2d(512, 512, kernel_size=(3, 3), stride=(1, 1), padding=(1, 1), bias=False)
            (bn2): BatchNorm2d(512, eps=1e-05, momentum=0.1, affine=True, track_running_stats=True)
          )
          (tree2): BasicBlock(
            (conv1): Conv2d(512, 512, kernel_size=(3, 3), stride=(1, 1), padding=(1, 1), bias=False)
            (bn1): BatchNorm2d(512, eps=1e-05, momentum=0.1, affine=True, track_running_stats=True)
            (relu): ReLU(inplace)
            (conv2): Conv2d(512, 512, kernel_size=(3, 3), stride=(1, 1), padding=(1, 1), bias=False)
            (bn2): BatchNorm2d(512, eps=1e-05, momentum=0.1, affine=True, track_running_stats=True)
          )
          (root): Root(
            (conv): Conv2d(1280, 512, kernel_size=(1, 1), stride=(1, 1), bias=False)
            (bn): BatchNorm2d(512, eps=1e-05, momentum=0.1, affine=True, track_running_stats=True)
            (relu): ReLU(inplace)
          )
          (downsample): MaxPool2d(kernel_size=2, stride=2, padding=0, dilation=1, ceil_mode=False)
          (project): Sequential(
            (0): Conv2d(256, 512, kernel_size=(1, 1), stride=(1, 1), bias=False)
            (1): BatchNorm2d(512, eps=1e-05, momentum=0.1, affine=True, track_running_stats=True)
          )
        )
        (level6): Tree(
          (tree1): BasicBlock(
            (conv1): Conv2d(512, 512, kernel_size=(3, 3), stride=(2, 2), padding=(1, 1), bias=False)
            (bn1): BatchNorm2d(512, eps=1e-05, momentum=0.1, affine=True, track_running_stats=True)
            (relu): ReLU(inplace)
            (conv2): Conv2d(512, 512, kernel_size=(3, 3), stride=(1, 1), padding=(1, 1), bias=False)
            (bn2): BatchNorm2d(512, eps=1e-05, momentum=0.1, affine=True, track_running_stats=True)
          )
          (tree2): BasicBlock(
            (conv1): Conv2d(512, 512, kernel_size=(3, 3), stride=(1, 1), padding=(1, 1), bias=False)
            (bn1): BatchNorm2d(512, eps=1e-05, momentum=0.1, affine=True, track_running_stats=True)
            (relu): ReLU(inplace)
            (conv2): Conv2d(512, 512, kernel_size=(3, 3), stride=(1, 1), padding=(1, 1), bias=False)
            (bn2): BatchNorm2d(512, eps=1e-05, momentum=0.1, affine=True, track_running_stats=True)
          )
          (root): Root(
            (conv): Conv2d(1536, 512, kernel_size=(1, 1), stride=(1, 1), bias=False)
            (bn): BatchNorm2d(512, eps=1e-05, momentum=0.1, affine=True, track_running_stats=True)
            (relu): ReLU(inplace)
          )
          (downsample): MaxPool2d(kernel_size=2, stride=2, padding=0, dilation=1, ceil_mode=False)
        )
      )
      (dla_up): DLAUp(
        (ida_0): IDAUp(
          (proj_0): Identity()
          (up_0): Identity()
          (proj_1): Identity()
          (up_1): ConvTranspose2d(512, 512, kernel_size=(4, 4), stride=(2, 2), padding=(1, 1), groups=512, bias=False)
          (node_1): Sequential(
            (0): Conv2d(1024, 512, kernel_size=(3, 3), stride=(1, 1), padding=(1, 1), bias=False)
            (1): BatchNorm2d(512, eps=1e-05, momentum=0.1, affine=True, track_running_stats=True)
            (2): ReLU(inplace)
          )
        )
        (ida_1): IDAUp(
          (proj_0): Identity()
          (up_0): Identity()
          (proj_1): Sequential(
            (0): Conv2d(512, 256, kernel_size=(1, 1), stride=(1, 1), bias=False)
            (1): BatchNorm2d(256, eps=1e-05, momentum=0.1, affine=True, track_running_stats=True)
            (2): ReLU(inplace)
          )
          (up_1): ConvTranspose2d(256, 256, kernel_size=(4, 4), stride=(2, 2), padding=(1, 1), groups=256, bias=False)
          (proj_2): Sequential(
            (0): Conv2d(512, 256, kernel_size=(1, 1), stride=(1, 1), bias=False)
            (1): BatchNorm2d(256, eps=1e-05, momentum=0.1, affine=True, track_running_stats=True)
            (2): ReLU(inplace)
          )
          (up_2): ConvTranspose2d(256, 256, kernel_size=(4, 4), stride=(2, 2), padding=(1, 1), groups=256, bias=False)
          (node_1): Sequential(
            (0): Conv2d(512, 256, kernel_size=(3, 3), stride=(1, 1), padding=(1, 1), bias=False)
            (1): BatchNorm2d(256, eps=1e-05, momentum=0.1, affine=True, track_running_stats=True)
            (2): ReLU(inplace)
          )
          (node_2): Sequential(
            (0): Conv2d(512, 256, kernel_size=(3, 3), stride=(1, 1), padding=(1, 1), bias=False)
            (1): BatchNorm2d(256, eps=1e-05, momentum=0.1, affine=True, track_running_stats=True)
            (2): ReLU(inplace)
          )
        )
        (ida_2): IDAUp(
          (proj_0): Identity()
          (up_0): Identity()
          (proj_1): Sequential(
            (0): Conv2d(256, 128, kernel_size=(1, 1), stride=(1, 1), bias=False)
            (1): BatchNorm2d(128, eps=1e-05, momentum=0.1, affine=True, track_running_stats=True)
            (2): ReLU(inplace)
          )
          (up_1): ConvTranspose2d(128, 128, kernel_size=(4, 4), stride=(2, 2), padding=(1, 1), groups=128, bias=False)
          (proj_2): Sequential(
            (0): Conv2d(256, 128, kernel_size=(1, 1), stride=(1, 1), bias=False)
            (1): BatchNorm2d(128, eps=1e-05, momentum=0.1, affine=True, track_running_stats=True)
            (2): ReLU(inplace)
          )
          (up_2): ConvTranspose2d(128, 128, kernel_size=(4, 4), stride=(2, 2), padding=(1, 1), groups=128, bias=False)
          (proj_3): Sequential(
            (0): Conv2d(256, 128, kernel_size=(1, 1), stride=(1, 1), bias=False)
            (1): BatchNorm2d(128, eps=1e-05, momentum=0.1, affine=True, track_running_stats=True)
            (2): ReLU(inplace)
          )
          (up_3): ConvTranspose2d(128, 128, kernel_size=(4, 4), stride=(2, 2), padding=(1, 1), groups=128, bias=False)
          (node_1): Sequential(
            (0): Conv2d(256, 128, kernel_size=(3, 3), stride=(1, 1), padding=(1, 1), bias=False)
            (1): BatchNorm2d(128, eps=1e-05, momentum=0.1, affine=True, track_running_stats=True)
            (2): ReLU(inplace)
          )
          (node_2): Sequential(
            (0): Conv2d(256, 128, kernel_size=(3, 3), stride=(1, 1), padding=(1, 1), bias=False)
            (1): BatchNorm2d(128, eps=1e-05, momentum=0.1, affine=True, track_running_stats=True)
            (2): ReLU(inplace)
          )
          (node_3): Sequential(
            (0): Conv2d(256, 128, kernel_size=(3, 3), stride=(1, 1), padding=(1, 1), bias=False)
            (1): BatchNorm2d(128, eps=1e-05, momentum=0.1, affine=True, track_running_stats=True)
            (2): ReLU(inplace)
          )
        )
        (ida_3): IDAUp(
          (proj_0): Identity()
          (up_0): Identity()
          (proj_1): Sequential(
            (0): Conv2d(128, 64, kernel_size=(1, 1), stride=(1, 1), bias=False)
            (1): BatchNorm2d(64, eps=1e-05, momentum=0.1, affine=True, track_running_stats=True)
            (2): ReLU(inplace)
          )
          (up_1): ConvTranspose2d(64, 64, kernel_size=(4, 4), stride=(2, 2), padding=(1, 1), groups=64, bias=False)
          (proj_2): Sequential(
            (0): Conv2d(128, 64, kernel_size=(1, 1), stride=(1, 1), bias=False)
            (1): BatchNorm2d(64, eps=1e-05, momentum=0.1, affine=True, track_running_stats=True)
            (2): ReLU(inplace)
          )
          (up_2): ConvTranspose2d(64, 64, kernel_size=(4, 4), stride=(2, 2), padding=(1, 1), groups=64, bias=False)
          (proj_3): Sequential(
            (0): Conv2d(128, 64, kernel_size=(1, 1), stride=(1, 1), bias=False)
            (1): BatchNorm2d(64, eps=1e-05, momentum=0.1, affine=True, track_running_stats=True)
            (2): ReLU(inplace)
          )
          (up_3): ConvTranspose2d(64, 64, kernel_size=(4, 4), stride=(2, 2), padding=(1, 1), groups=64, bias=False)
          (proj_4): Sequential(
            (0): Conv2d(128, 64, kernel_size=(1, 1), stride=(1, 1), bias=False)
            (1): BatchNorm2d(64, eps=1e-05, momentum=0.1, affine=True, track_running_stats=True)
            (2): ReLU(inplace)
          )
          (up_4): ConvTranspose2d(64, 64, kernel_size=(4, 4), stride=(2, 2), padding=(1, 1), groups=64, bias=False)
          (node_1): Sequential(
            (0): Conv2d(128, 64, kernel_size=(3, 3), stride=(1, 1), padding=(1, 1), bias=False)
            (1): BatchNorm2d(64, eps=1e-05, momentum=0.1, affine=True, track_running_stats=True)
            (2): ReLU(inplace)
          )
          (node_2): Sequential(
            (0): Conv2d(128, 64, kernel_size=(3, 3), stride=(1, 1), padding=(1, 1), bias=False)
            (1): BatchNorm2d(64, eps=1e-05, momentum=0.1, affine=True, track_running_stats=True)
            (2): ReLU(inplace)
          )
          (node_3): Sequential(
            (0): Conv2d(128, 64, kernel_size=(3, 3), stride=(1, 1), padding=(1, 1), bias=False)
            (1): BatchNorm2d(64, eps=1e-05, momentum=0.1, affine=True, track_running_stats=True)
            (2): ReLU(inplace)
          )
          (node_4): Sequential(
            (0): Conv2d(128, 64, kernel_size=(3, 3), stride=(1, 1), padding=(1, 1), bias=False)
            (1): BatchNorm2d(64, eps=1e-05, momentum=0.1, affine=True, track_running_stats=True)
            (2): ReLU(inplace)
          )
        )
        (ida_4): IDAUp(
          (proj_0): Identity()
          (up_0): Identity()
          (proj_1): Sequential(
            (0): Conv2d(64, 32, kernel_size=(1, 1), stride=(1, 1), bias=False)
            (1): BatchNorm2d(32, eps=1e-05, momentum=0.1, affine=True, track_running_stats=True)
            (2): ReLU(inplace)
          )
          (up_1): ConvTranspose2d(32, 32, kernel_size=(4, 4), stride=(2, 2), padding=(1, 1), groups=32, bias=False)
          (proj_2): Sequential(
            (0): Conv2d(64, 32, kernel_size=(1, 1), stride=(1, 1), bias=False)
            (1): BatchNorm2d(32, eps=1e-05, momentum=0.1, affine=True, track_running_stats=True)
            (2): ReLU(inplace)
          )
          (up_2): ConvTranspose2d(32, 32, kernel_size=(4, 4), stride=(2, 2), padding=(1, 1), groups=32, bias=False)
          (proj_3): Sequential(
            (0): Conv2d(64, 32, kernel_size=(1, 1), stride=(1, 1), bias=False)
            (1): BatchNorm2d(32, eps=1e-05, momentum=0.1, affine=True, track_running_stats=True)
            (2): ReLU(inplace)
          )
          (up_3): ConvTranspose2d(32, 32, kernel_size=(4, 4), stride=(2, 2), padding=(1, 1), groups=32, bias=False)
          (proj_4): Sequential(
            (0): Conv2d(64, 32, kernel_size=(1, 1), stride=(1, 1), bias=False)
            (1): BatchNorm2d(32, eps=1e-05, momentum=0.1, affine=True, track_running_stats=True)
            (2): ReLU(inplace)
          )
          (up_4): ConvTranspose2d(32, 32, kernel_size=(4, 4), stride=(2, 2), padding=(1, 1), groups=32, bias=False)
          (proj_5): Sequential(
            (0): Conv2d(64, 32, kernel_size=(1, 1), stride=(1, 1), bias=False)
            (1): BatchNorm2d(32, eps=1e-05, momentum=0.1, affine=True, track_running_stats=True)
            (2): ReLU(inplace)
          )
          (up_5): ConvTranspose2d(32, 32, kernel_size=(4, 4), stride=(2, 2), padding=(1, 1), groups=32, bias=False)
          (node_1): Sequential(
            (0): Conv2d(64, 32, kernel_size=(3, 3), stride=(1, 1), padding=(1, 1), bias=False)
            (1): BatchNorm2d(32, eps=1e-05, momentum=0.1, affine=True, track_running_stats=True)
            (2): ReLU(inplace)
          )
          (node_2): Sequential(
            (0): Conv2d(64, 32, kernel_size=(3, 3), stride=(1, 1), padding=(1, 1), bias=False)
            (1): BatchNorm2d(32, eps=1e-05, momentum=0.1, affine=True, track_running_stats=True)
            (2): ReLU(inplace)
          )
          (node_3): Sequential(
            (0): Conv2d(64, 32, kernel_size=(3, 3), stride=(1, 1), padding=(1, 1), bias=False)
            (1): BatchNorm2d(32, eps=1e-05, momentum=0.1, affine=True, track_running_stats=True)
            (2): ReLU(inplace)
          )
          (node_4): Sequential(
            (0): Conv2d(64, 32, kernel_size=(3, 3), stride=(1, 1), padding=(1, 1), bias=False)
            (1): BatchNorm2d(32, eps=1e-05, momentum=0.1, affine=True, track_running_stats=True)
            (2): ReLU(inplace)
          )
          (node_5): Sequential(
            (0): Conv2d(64, 32, kernel_size=(3, 3), stride=(1, 1), padding=(1, 1), bias=False)
            (1): BatchNorm2d(32, eps=1e-05, momentum=0.1, affine=True, track_running_stats=True)
            (2): ReLU(inplace)
          )
        )
      )
    )
    (cost_bn_0): BatchNorm2d(81, eps=1e-05, momentum=0.1, affine=True, track_running_stats=True)
    (Decoder_0): Decoder(
      (mapping): HDADecoder(
        (block1): PreActBlock(
          (conv1): Conv2d(81, 128, kernel_size=(3, 3), stride=(1, 1), padding=(1, 1), bias=False)
          (bn2): BatchNorm2d(128, eps=1e-05, momentum=0.1, affine=True, track_running_stats=True)
          (conv2): Conv2d(128, 128, kernel_size=(3, 3), stride=(1, 1), padding=(1, 1), bias=False)
          (relu): ReLU(inplace)
          (shortcut): Sequential(
            (0): Conv2d(81, 128, kernel_size=(1, 1), stride=(1, 1), bias=False)
          )
        )
        (block2): PreActBlock(
          (bn1): BatchNorm2d(128, eps=1e-05, momentum=0.1, affine=True, track_running_stats=True)
          (conv1): Conv2d(128, 128, kernel_size=(3, 3), stride=(1, 1), padding=(1, 1), bias=False)
          (bn2): BatchNorm2d(128, eps=1e-05, momentum=0.1, affine=True, track_running_stats=True)
          (conv2): Conv2d(128, 128, kernel_size=(3, 3), stride=(1, 1), padding=(1, 1), bias=False)
          (relu): ReLU(inplace)
        )
        (root): Sequential(
          (0): BatchNorm2d(256, eps=1e-05, momentum=0.1, affine=True, track_running_stats=True)
          (1): ReLU(inplace)
          (2): Conv2d(256, 128, kernel_size=(1, 1), stride=(1, 1), bias=False)
        )
      )
      (cls): Sequential(
        (0): BatchNorm2d(128, eps=1e-05, momentum=0.1, affine=True, track_running_stats=True)
        (1): ReLU(inplace)
        (2): Conv2d(128, 81, kernel_size=(1, 1), stride=(1, 1))
      )
      (up): Sequential(
        (0): BatchNorm2d(128, eps=1e-05, momentum=0.1, affine=True, track_running_stats=True)
        (1): ReLU(inplace)
        (2): ConvTranspose2d(128, 81, kernel_size=(4, 4), stride=(2, 2), padding=(1, 1), bias=False)
        (3): BatchNorm2d(81, eps=1e-05, momentum=0.1, affine=True, track_running_stats=True)
        (4): ReLU(inplace)
      )
    )
    (cost_bn_1): BatchNorm2d(81, eps=1e-05, momentum=0.1, affine=True, track_running_stats=True)
    (Decoder_1): Decoder(
      (mapping): HDADecoder(
        (block1): PreActBlock(
          (conv1): Conv2d(676, 128, kernel_size=(3, 3), stride=(1, 1), padding=(1, 1), bias=False)
          (bn2): BatchNorm2d(128, eps=1e-05, momentum=0.1, affine=True, track_running_stats=True)
          (conv2): Conv2d(128, 128, kernel_size=(3, 3), stride=(1, 1), padding=(1, 1), bias=False)
          (relu): ReLU(inplace)
          (shortcut): Sequential(
            (0): Conv2d(676, 128, kernel_size=(1, 1), stride=(1, 1), bias=False)
          )
        )
        (block2): PreActBlock(
          (bn1): BatchNorm2d(128, eps=1e-05, momentum=0.1, affine=True, track_running_stats=True)
          (conv1): Conv2d(128, 128, kernel_size=(3, 3), stride=(1, 1), padding=(1, 1), bias=False)
          (bn2): BatchNorm2d(128, eps=1e-05, momentum=0.1, affine=True, track_running_stats=True)
          (conv2): Conv2d(128, 128, kernel_size=(3, 3), stride=(1, 1), padding=(1, 1), bias=False)
          (relu): ReLU(inplace)
        )
        (root): Sequential(
          (0): BatchNorm2d(256, eps=1e-05, momentum=0.1, affine=True, track_running_stats=True)
          (1): ReLU(inplace)
          (2): Conv2d(256, 128, kernel_size=(1, 1), stride=(1, 1), bias=False)
        )
      )
      (cls): Sequential(
        (0): BatchNorm2d(128, eps=1e-05, momentum=0.1, affine=True, track_running_stats=True)
        (1): ReLU(inplace)
        (2): Conv2d(128, 81, kernel_size=(1, 1), stride=(1, 1))
      )
      (up): Sequential(
        (0): BatchNorm2d(128, eps=1e-05, momentum=0.1, affine=True, track_running_stats=True)
        (1): ReLU(inplace)
        (2): ConvTranspose2d(128, 81, kernel_size=(4, 4), stride=(2, 2), padding=(1, 1), bias=False)
        (3): BatchNorm2d(81, eps=1e-05, momentum=0.1, affine=True, track_running_stats=True)
        (4): ReLU(inplace)
      )
    )
    (cost_bn_2): BatchNorm2d(81, eps=1e-05, momentum=0.1, affine=True, track_running_stats=True)
    (Decoder_2): Decoder(
      (mapping): HDADecoder(
        (block1): PreActBlock(
          (conv1): Conv2d(420, 128, kernel_size=(3, 3), stride=(1, 1), padding=(1, 1), bias=False)
          (bn2): BatchNorm2d(128, eps=1e-05, momentum=0.1, affine=True, track_running_stats=True)
          (conv2): Conv2d(128, 128, kernel_size=(3, 3), stride=(1, 1), padding=(1, 1), bias=False)
          (relu): ReLU(inplace)
          (shortcut): Sequential(
            (0): Conv2d(420, 128, kernel_size=(1, 1), stride=(1, 1), bias=False)
          )
        )
        (block2): PreActBlock(
          (bn1): BatchNorm2d(128, eps=1e-05, momentum=0.1, affine=True, track_running_stats=True)
          (conv1): Conv2d(128, 128, kernel_size=(3, 3), stride=(1, 1), padding=(1, 1), bias=False)
          (bn2): BatchNorm2d(128, eps=1e-05, momentum=0.1, affine=True, track_running_stats=True)
          (conv2): Conv2d(128, 128, kernel_size=(3, 3), stride=(1, 1), padding=(1, 1), bias=False)
          (relu): ReLU(inplace)
        )
        (root): Sequential(
          (0): BatchNorm2d(256, eps=1e-05, momentum=0.1, affine=True, track_running_stats=True)
          (1): ReLU(inplace)
          (2): Conv2d(256, 128, kernel_size=(1, 1), stride=(1, 1), bias=False)
        )
      )
      (cls): Sequential(
        (0): BatchNorm2d(128, eps=1e-05, momentum=0.1, affine=True, track_running_stats=True)
        (1): ReLU(inplace)
        (2): Conv2d(128, 81, kernel_size=(1, 1), stride=(1, 1))
      )
      (up): Sequential(
        (0): BatchNorm2d(128, eps=1e-05, momentum=0.1, affine=True, track_running_stats=True)
        (1): ReLU(inplace)
        (2): ConvTranspose2d(128, 81, kernel_size=(4, 4), stride=(2, 2), padding=(1, 1), bias=False)
        (3): BatchNorm2d(81, eps=1e-05, momentum=0.1, affine=True, track_running_stats=True)
        (4): ReLU(inplace)
      )
    )
    (cost_bn_3): BatchNorm2d(81, eps=1e-05, momentum=0.1, affine=True, track_running_stats=True)
    (Decoder_3): Decoder(
      (mapping): HDADecoder(
        (block1): PreActBlock(
          (conv1): Conv2d(292, 128, kernel_size=(3, 3), stride=(1, 1), padding=(1, 1), bias=False)
          (bn2): BatchNorm2d(128, eps=1e-05, momentum=0.1, affine=True, track_running_stats=True)
          (conv2): Conv2d(128, 128, kernel_size=(3, 3), stride=(1, 1), padding=(1, 1), bias=False)
          (relu): ReLU(inplace)
          (shortcut): Sequential(
            (0): Conv2d(292, 128, kernel_size=(1, 1), stride=(1, 1), bias=False)
          )
        )
        (block2): PreActBlock(
          (bn1): BatchNorm2d(128, eps=1e-05, momentum=0.1, affine=True, track_running_stats=True)
          (conv1): Conv2d(128, 128, kernel_size=(3, 3), stride=(1, 1), padding=(1, 1), bias=False)
          (bn2): BatchNorm2d(128, eps=1e-05, momentum=0.1, affine=True, track_running_stats=True)
          (conv2): Conv2d(128, 128, kernel_size=(3, 3), stride=(1, 1), padding=(1, 1), bias=False)
          (relu): ReLU(inplace)
        )
        (root): Sequential(
          (0): BatchNorm2d(256, eps=1e-05, momentum=0.1, affine=True, track_running_stats=True)
          (1): ReLU(inplace)
          (2): Conv2d(256, 128, kernel_size=(1, 1), stride=(1, 1), bias=False)
        )
      )
      (cls): Sequential(
        (0): BatchNorm2d(128, eps=1e-05, momentum=0.1, affine=True, track_running_stats=True)
        (1): ReLU(inplace)
        (2): Conv2d(128, 81, kernel_size=(1, 1), stride=(1, 1))
      )
      (up): Sequential(
        (0): BatchNorm2d(128, eps=1e-05, momentum=0.1, affine=True, track_running_stats=True)
        (1): ReLU(inplace)
        (2): ConvTranspose2d(128, 81, kernel_size=(4, 4), stride=(2, 2), padding=(1, 1), bias=False)
        (3): BatchNorm2d(81, eps=1e-05, momentum=0.1, affine=True, track_running_stats=True)
        (4): ReLU(inplace)
      )
    )
    (cost_bn_4): BatchNorm2d(81, eps=1e-05, momentum=0.1, affine=True, track_running_stats=True)
    (Decoder_4): Context(
      (dc_conv_0): Sequential(
        (0): Conv2d(228, 128, kernel_size=(3, 3), stride=(1, 1), padding=(1, 1), bias=False)
        (1): BatchNorm2d(128, eps=1e-05, momentum=0.1, affine=True, track_running_stats=True)
        (2): ReLU(inplace)
      )
      (dc_conv_1): Sequential(
        (0): Conv2d(128, 128, kernel_size=(3, 3), stride=(1, 1), padding=(1, 1), bias=False)
        (1): BatchNorm2d(128, eps=1e-05, momentum=0.1, affine=True, track_running_stats=True)
        (2): ReLU(inplace)
      )
      (dc_conv_2): Sequential(
        (0): Conv2d(128, 128, kernel_size=(3, 3), stride=(1, 1), padding=(2, 2), dilation=(2, 2), bias=False)
        (1): BatchNorm2d(128, eps=1e-05, momentum=0.1, affine=True, track_running_stats=True)
        (2): ReLU(inplace)
      )
      (dc_conv_3): Sequential(
        (0): Conv2d(128, 128, kernel_size=(3, 3), stride=(1, 1), padding=(4, 4), dilation=(4, 4), bias=False)
        (1): BatchNorm2d(128, eps=1e-05, momentum=0.1, affine=True, track_running_stats=True)
        (2): ReLU(inplace)
      )
      (dc_conv_4): Sequential(
        (0): Conv2d(128, 128, kernel_size=(3, 3), stride=(1, 1), padding=(8, 8), dilation=(8, 8), bias=False)
        (1): BatchNorm2d(128, eps=1e-05, momentum=0.1, affine=True, track_running_stats=True)
        (2): ReLU(inplace)
      )
      (dc_conv_5): Sequential(
        (0): Conv2d(128, 128, kernel_size=(3, 3), stride=(1, 1), padding=(16, 16), dilation=(16, 16), bias=False)
        (1): BatchNorm2d(128, eps=1e-05, momentum=0.1, affine=True, track_running_stats=True)
        (2): ReLU(inplace)
      )
      (dc_conv_6): Sequential(
        (0): Conv2d(128, 128, kernel_size=(3, 3), stride=(1, 1), padding=(1, 1), bias=False)
        (1): BatchNorm2d(128, eps=1e-05, momentum=0.1, affine=True, track_running_stats=True)
        (2): ReLU(inplace)
      )
      (cls): Conv2d(128, 81, kernel_size=(1, 1), stride=(1, 1))
    )
  )
)
[2020-07-22 00:28:56,490 INFO inference.py line 128 13107] => loading checkpoint 'model_zoo/hd3fc_chairs_things_sintel-0be17c83.pth'
[2020-07-22 00:28:56,753 INFO inference.py line 131 13107] => loaded checkpoint 'model_zoo/hd3fc_chairs_things_sintel-0be17c83.pth'
[2020-07-22 00:28:56,753 INFO inference.py line 142 13107] >>>>>>>>>>>>>>>> Start Test >>>>>>>>>>>>>>>>
[2020-07-22 00:29:14,312 INFO inference.py line 190 13107] Test: [10/1814] Data 0.336 (0.784) Batch 0.474 (1.756).
[2020-07-22 00:29:21,010 INFO inference.py line 190 13107] Test: [20/1814] Data 0.693 (0.655) Batch 0.816 (1.213).
[2020-07-22 00:29:31,571 INFO inference.py line 190 13107] Test: [30/1814] Data 0.799 (0.737) Batch 0.952 (1.161).
[2020-07-22 00:29:49,381 INFO inference.py line 190 13107] Test: [40/1814] Data 0.710 (0.962) Batch 0.843 (1.316).
[2020-07-22 00:30:08,419 INFO inference.py line 190 13107] Test: [50/1814] Data 1.344 (1.116) Batch 1.477 (1.433).
[2020-07-22 00:30:27,596 INFO inference.py line 190 13107] Test: [60/1814] Data 1.652 (1.228) Batch 1.813 (1.514).
[2020-07-22 00:30:47,364 INFO inference.py line 190 13107] Test: [70/1814] Data 1.415 (1.316) Batch 1.548 (1.580).
[2020-07-22 00:31:08,173 INFO inference.py line 190 13107] Test: [80/1814] Data 1.680 (1.395) Batch 1.803 (1.643).
[2020-07-22 00:31:31,385 INFO inference.py line 190 13107] Test: [90/1814] Data 4.529 (1.482) Batch 4.657 (1.718).
[2020-07-22 00:31:53,065 INFO inference.py line 190 13107] Test: [100/1814] Data 1.723 (1.536) Batch 1.847 (1.763).
[2020-07-22 00:32:21,453 INFO inference.py line 190 13107] Test: [110/1814] Data 3.119 (1.642) Batch 3.315 (1.861).
[2020-07-22 00:32:47,992 INFO inference.py line 190 13107] Test: [120/1814] Data 4.563 (1.715) Batch 4.717 (1.927).
[2020-07-22 00:33:11,489 INFO inference.py line 190 13107] Test: [130/1814] Data 1.562 (1.754) Batch 1.704 (1.959).
[2020-07-22 00:33:34,075 INFO inference.py line 190 13107] Test: [140/1814] Data 1.114 (1.777) Batch 1.323 (1.981).
[2020-07-22 00:33:56,378 INFO inference.py line 190 13107] Test: [150/1814] Data 1.057 (1.798) Batch 1.262 (1.997).
[2020-07-22 00:34:17,780 INFO inference.py line 190 13107] Test: [160/1814] Data 2.273 (1.811) Batch 2.427 (2.006).
[2020-07-22 00:34:43,667 INFO inference.py line 190 13107] Test: [170/1814] Data 1.774 (1.849) Batch 1.906 (2.041).
[2020-07-22 00:35:12,205 INFO inference.py line 190 13107] Test: [180/1814] Data 2.087 (1.898) Batch 2.215 (2.086).
[2020-07-22 00:35:38,081 INFO inference.py line 190 13107] Test: [190/1814] Data 2.317 (1.927) Batch 2.470 (2.112).
[2020-07-22 00:36:08,246 INFO inference.py line 190 13107] Test: [200/1814] Data 1.749 (1.974) Batch 1.894 (2.157).
[2020-07-22 00:36:36,231 INFO inference.py line 190 13107] Test: [210/1814] Data 4.371 (2.007) Batch 4.525 (2.188).
[2020-07-22 00:36:58,193 INFO inference.py line 190 13107] Test: [220/1814] Data 1.306 (2.009) Batch 1.431 (2.188).
[2020-07-22 00:37:13,724 INFO inference.py line 190 13107] Test: [230/1814] Data 0.678 (1.984) Batch 0.804 (2.161).
[2020-07-22 00:37:27,427 INFO inference.py line 190 13107] Test: [240/1814] Data 0.524 (1.953) Batch 0.659 (2.128).
[2020-07-22 00:37:43,528 INFO inference.py line 190 13107] Test: [250/1814] Data 0.616 (1.934) Batch 0.766 (2.107).
[2020-07-22 00:37:51,948 INFO inference.py line 190 13107] Test: [260/1814] Data 0.294 (1.887) Batch 0.427 (2.058).
[2020-07-22 00:37:56,487 INFO inference.py line 190 13107] Test: [270/1814] Data 0.390 (1.829) Batch 0.518 (1.999).
[2020-07-22 00:38:00,831 INFO inference.py line 190 13107] Test: [280/1814] Data 0.299 (1.775) Batch 0.440 (1.943).
[2020-07-22 00:38:05,116 INFO inference.py line 190 13107] Test: [290/1814] Data 0.295 (1.724) Batch 0.421 (1.891).
[2020-07-22 00:38:09,401 INFO inference.py line 190 13107] Test: [300/1814] Data 0.297 (1.676) Batch 0.420 (1.842).
[2020-07-22 00:38:13,763 INFO inference.py line 190 13107] Test: [310/1814] Data 0.349 (1.632) Batch 0.474 (1.797).
[2020-07-22 00:38:17,989 INFO inference.py line 190 13107] Test: [320/1814] Data 0.303 (1.591) Batch 0.425 (1.754).
[2020-07-22 00:38:22,255 INFO inference.py line 190 13107] Test: [330/1814] Data 0.304 (1.552) Batch 0.441 (1.714).
[2020-07-22 00:38:26,629 INFO inference.py line 190 13107] Test: [340/1814] Data 0.314 (1.515) Batch 0.437 (1.676).
[2020-07-22 00:38:30,858 INFO inference.py line 190 13107] Test: [350/1814] Data 0.352 (1.480) Batch 0.480 (1.640).
[2020-07-22 00:38:35,023 INFO inference.py line 190 13107] Test: [360/1814] Data 0.281 (1.447) Batch 0.401 (1.606).
[2020-07-22 00:38:39,128 INFO inference.py line 190 13107] Test: [370/1814] Data 0.283 (1.416) Batch 0.408 (1.574).
[2020-07-22 00:38:43,216 INFO inference.py line 190 13107] Test: [380/1814] Data 0.278 (1.386) Batch 0.403 (1.543).
[2020-07-22 00:38:47,242 INFO inference.py line 190 13107] Test: [390/1814] Data 0.290 (1.358) Batch 0.411 (1.514).
[2020-07-22 00:38:51,356 INFO inference.py line 190 13107] Test: [400/1814] Data 0.320 (1.331) Batch 0.446 (1.486).
[2020-07-22 00:38:55,374 INFO inference.py line 190 13107] Test: [410/1814] Data 0.284 (1.305) Batch 0.410 (1.460).
[2020-07-22 00:38:59,433 INFO inference.py line 190 13107] Test: [420/1814] Data 0.286 (1.281) Batch 0.419 (1.435).
[2020-07-22 00:39:03,639 INFO inference.py line 190 13107] Test: [430/1814] Data 0.287 (1.258) Batch 0.409 (1.411).
[2020-07-22 00:39:07,812 INFO inference.py line 190 13107] Test: [440/1814] Data 0.312 (1.236) Batch 0.433 (1.389).
[2020-07-22 00:39:12,015 INFO inference.py line 190 13107] Test: [450/1814] Data 0.297 (1.215) Batch 0.430 (1.367).
[2020-07-22 00:39:16,221 INFO inference.py line 190 13107] Test: [460/1814] Data 0.304 (1.195) Batch 0.425 (1.347).
[2020-07-22 00:39:20,534 INFO inference.py line 190 13107] Test: [470/1814] Data 0.291 (1.176) Batch 0.418 (1.327).
[2020-07-22 00:39:24,840 INFO inference.py line 190 13107] Test: [480/1814] Data 0.317 (1.158) Batch 0.454 (1.309).
[2020-07-22 00:39:29,043 INFO inference.py line 190 13107] Test: [490/1814] Data 0.289 (1.140) Batch 0.417 (1.290).
[2020-07-22 00:39:33,495 INFO inference.py line 190 13107] Test: [500/1814] Data 0.371 (1.124) Batch 0.494 (1.273).
[2020-07-22 00:39:37,779 INFO inference.py line 190 13107] Test: [510/1814] Data 0.300 (1.108) Batch 0.421 (1.257).
[2020-07-22 00:39:41,944 INFO inference.py line 190 13107] Test: [520/1814] Data 0.277 (1.092) Batch 0.402 (1.241).
[2020-07-22 00:39:46,242 INFO inference.py line 190 13107] Test: [530/1814] Data 0.295 (1.077) Batch 0.428 (1.225).
[2020-07-22 00:39:50,335 INFO inference.py line 190 13107] Test: [540/1814] Data 0.266 (1.062) Batch 0.395 (1.210).
[2020-07-22 00:39:54,499 INFO inference.py line 190 13107] Test: [550/1814] Data 0.294 (1.048) Batch 0.418 (1.196).
[2020-07-22 00:39:58,747 INFO inference.py line 190 13107] Test: [560/1814] Data 0.351 (1.035) Batch 0.473 (1.182).
[2020-07-22 00:40:02,957 INFO inference.py line 190 13107] Test: [570/1814] Data 0.327 (1.022) Batch 0.450 (1.169).
[2020-07-22 00:40:07,122 INFO inference.py line 190 13107] Test: [580/1814] Data 0.296 (1.009) Batch 0.418 (1.156).
[2020-07-22 00:40:11,353 INFO inference.py line 190 13107] Test: [590/1814] Data 0.322 (0.997) Batch 0.448 (1.143).
[2020-07-22 00:40:15,516 INFO inference.py line 190 13107] Test: [600/1814] Data 0.281 (0.985) Batch 0.410 (1.131).
[2020-07-22 00:40:19,594 INFO inference.py line 190 13107] Test: [610/1814] Data 0.273 (0.974) Batch 0.393 (1.119).
[2020-07-22 00:40:23,741 INFO inference.py line 190 13107] Test: [620/1814] Data 0.283 (0.963) Batch 0.411 (1.108).
[2020-07-22 00:40:27,905 INFO inference.py line 190 13107] Test: [630/1814] Data 0.280 (0.952) Batch 0.407 (1.097).
[2020-07-22 00:40:32,264 INFO inference.py line 190 13107] Test: [640/1814] Data 0.366 (0.942) Batch 0.488 (1.087).
[2020-07-22 00:40:36,592 INFO inference.py line 190 13107] Test: [650/1814] Data 0.293 (0.932) Batch 0.423 (1.077).
[2020-07-22 00:40:40,749 INFO inference.py line 190 13107] Test: [660/1814] Data 0.291 (0.923) Batch 0.415 (1.067).
[2020-07-22 00:40:44,927 INFO inference.py line 190 13107] Test: [670/1814] Data 0.278 (0.913) Batch 0.418 (1.057).
[2020-07-22 00:40:49,137 INFO inference.py line 190 13107] Test: [680/1814] Data 0.278 (0.904) Batch 0.398 (1.048).
[2020-07-22 00:40:53,408 INFO inference.py line 190 13107] Test: [690/1814] Data 0.375 (0.895) Batch 0.500 (1.039).
[2020-07-22 00:40:57,594 INFO inference.py line 190 13107] Test: [700/1814] Data 0.290 (0.887) Batch 0.410 (1.030).
[2020-07-22 00:41:01,836 INFO inference.py line 190 13107] Test: [710/1814] Data 0.313 (0.878) Batch 0.434 (1.021).
[2020-07-22 00:41:05,884 INFO inference.py line 190 13107] Test: [720/1814] Data 0.271 (0.870) Batch 0.391 (1.013).
[2020-07-22 00:41:09,998 INFO inference.py line 190 13107] Test: [730/1814] Data 0.280 (0.862) Batch 0.404 (1.004).
[2020-07-22 00:41:14,194 INFO inference.py line 190 13107] Test: [740/1814] Data 0.292 (0.854) Batch 0.431 (0.997).
[2020-07-22 00:41:18,357 INFO inference.py line 190 13107] Test: [750/1814] Data 0.280 (0.847) Batch 0.405 (0.989).
[2020-07-22 00:41:22,837 INFO inference.py line 190 13107] Test: [760/1814] Data 0.356 (0.840) Batch 0.477 (0.982).
[2020-07-22 00:41:27,091 INFO inference.py line 190 13107] Test: [770/1814] Data 0.282 (0.833) Batch 0.406 (0.974).
[2020-07-22 00:41:31,249 INFO inference.py line 190 13107] Test: [780/1814] Data 0.322 (0.826) Batch 0.443 (0.967).
[2020-07-22 00:41:35,274 INFO inference.py line 190 13107] Test: [790/1814] Data 0.293 (0.819) Batch 0.415 (0.960).
[2020-07-22 00:41:39,385 INFO inference.py line 190 13107] Test: [800/1814] Data 0.264 (0.812) Batch 0.391 (0.953).
Traceback (most recent call last):
  File "inference.py", line 244, in <module>
    main()
  File "inference.py", line 150, in main
    for i, (img_list, label_list, img_size) in enumerate(val_loader):
  File "/shared/xudongliu/anaconda3/envs/hd3/lib/python3.6/site-packages/torch/utils/data/dataloader.py", line 637, in __next__
    return self._process_next_batch(batch)
  File "/shared/xudongliu/anaconda3/envs/hd3/lib/python3.6/site-packages/torch/utils/data/dataloader.py", line 658, in _process_next_batch
    raise batch.exc_type(batch.exc_msg)
FileNotFoundError: Traceback (most recent call last):
  File "/shared/xudongliu/anaconda3/envs/hd3/lib/python3.6/site-packages/torch/utils/data/dataloader.py", line 138, in _worker_loop
    samples = collate_fn([dataset[i] for i in batch_indices])
  File "/shared/xudongliu/anaconda3/envs/hd3/lib/python3.6/site-packages/torch/utils/data/dataloader.py", line 138, in <listcomp>
    samples = collate_fn([dataset[i] for i in batch_indices])
  File "/shared/xudongliu/code/semi-flow/hd3/data/hd3data.py", line 36, in __getitem__
    img_list.append(read_gen(join(self.data_root, name), "image"))
  File "/shared/xudongliu/code/semi-flow/hd3/data/hd3data.py", line 60, in read_gen
    return Image.open(file_name)
  File "/shared/xudongliu/anaconda3/envs/hd3/lib/python3.6/site-packages/PIL/Image.py", line 2843, in open
    fp = builtins.open(filename, "rb")
FileNotFoundError: [Errno 2] No such file or directory: '/data5/bdd100k/images/track/val/b1ca8418-84a133a0/b1ca8418-84a133a0-0000001.jpg'

